[16May2025 00:04:25.161] [Server thread/INFO] [net.minecraft.world.entity.LivingEntity/]: Named entity EnderMan['Corrupted Enderman'/34218, l='ServerLevel[world]', x=-3.90, y=69.83, z=1018.29] died: Corrupted Enderman was killed whilst fighting amaroxplay
[16May2025 00:04:45.278] [Server thread/INFO] [net.minecraft.server.network.ServerGamePacketListenerImpl/]: amaroxplay lost connection: Disconnected
[16May2025 00:04:45.279] [Server thread/INFO] [net.minecraft.server.MinecraftServer/]: amaroxplay left the game
[16May2025 00:19:29.629] [Server thread/INFO] [net.minecraft.server.players.PlayerList/]: amaroxplay[/100.91.227.100:53263] logged in with entity id 65155 at (1.4573515219698445, 63.0, 1008.230010431275)
[16May2025 00:19:29.637] [Server thread/INFO] [net.minecraft.server.MinecraftServer/]: amaroxplay joined the game
[16May2025 00:26:14.248] [Server thread/INFO] [net.minecraft.server.players.PlayerList/]: Tomasito_a[/100.120.96.45:59791] logged in with entity id 79173 at (1921.3150386442271, 69.0, 822.0897672405573)
[16May2025 00:26:14.253] [Server thread/INFO] [net.minecraft.server.MinecraftServer/]: Tomasito_a joined the game
[16May2025 00:30:03.912] [Server thread/WARN] [net.minecraft.server.network.ServerGamePacketListenerImpl/]: amaroxplay moved too quickly! 9.70041099517735,0.8458160818580538,3.1260513410427393
[16May2025 00:39:42.166] [Server thread/WARN] [net.minecraft.server.MinecraftServer/]: Can't keep up! Is the server overloaded? Running 2067ms or 41 ticks behind
[16May2025 00:40:54.983] [Server thread/INFO] [net.minecraft.server.network.ServerGamePacketListenerImpl/]: Tomasito_a lost connection: Disconnected
[16May2025 00:40:54.984] [Server thread/INFO] [net.minecraft.server.MinecraftServer/]: Tomasito_a left the game
[16May2025 00:42:27.000] [Server thread/INFO] [net.minecraft.server.MinecraftServer/]: bhp240 has made the advancement [Sneak 100]
[16May2025 00:49:59.084] [Server thread/INFO] [net.minecraft.server.MinecraftServer/]: bhp240 has completed the challenge [It Spreads]
[16May2025 01:01:00.729] [Worker-Main-57/ERROR] [net.minecraft.world.entity.decoration.HangingEntity/]: Hanging entity at invalid position: BlockPos{x=205, y=51, z=204}
[16May2025 01:01:15.802] [Worker-Main-69/ERROR] [net.minecraft.world.entity.decoration.HangingEntity/]: Hanging entity at invalid position: BlockPos{x=-1, y=-56, z=26}
[16May2025 01:01:15.802] [Worker-Main-69/ERROR] [net.minecraft.world.entity.decoration.HangingEntity/]: Hanging entity at invalid position: BlockPos{x=-2, y=-56, z=26}
[16May2025 01:01:15.803] [Worker-Main-69/ERROR] [net.minecraft.world.entity.decoration.HangingEntity/]: Hanging entity at invalid position: BlockPos{x=0, y=-56, z=26}
[16May2025 01:01:17.926] [Worker-Main-2/ERROR] [net.minecraft.world.entity.decoration.HangingEntity/]: Hanging entity at invalid position: BlockPos{x=3, y=-53, z=18}
[16May2025 01:01:17.927] [Worker-Main-2/ERROR] [net.minecraft.world.entity.decoration.HangingEntity/]: Hanging entity at invalid position: BlockPos{x=3, y=-53, z=19}
[16May2025 01:02:03.182] [Worker-Main-69/ERROR] [net.minecraft.world.entity.decoration.HangingEntity/]: Hanging entity at invalid position: BlockPos{x=203, y=48, z=159}
[16May2025 01:02:07.164] [Worker-Main-2/ERROR] [net.minecraft.world.entity.decoration.HangingEntity/]: Hanging entity at invalid position: BlockPos{x=-547, y=-5, z=-25}
[16May2025 01:03:35.820] [Worker-Main-2/ERROR] [net.minecraft.world.entity.decoration.HangingEntity/]: Hanging entity at invalid position: BlockPos{x=186, y=-6, z=458}
[16May2025 01:03:35.820] [Worker-Main-2/ERROR] [net.minecraft.world.entity.decoration.HangingEntity/]: Hanging entity at invalid position: BlockPos{x=182, y=-6, z=460}
[16May2025 01:03:35.820] [Worker-Main-2/ERROR] [net.minecraft.world.entity.decoration.HangingEntity/]: Hanging entity at invalid position: BlockPos{x=180, y=-6, z=458}
[16May2025 01:03:52.184] [Worker-Main-69/ERROR] [net.minecraft.world.entity.decoration.HangingEntity/]: Hanging entity at invalid position: BlockPos{x=205, y=51, z=204}
[16May2025 01:04:03.559] [Worker-Main-69/WARN] [net.minecraft.world.level.levelgen.structure.pools.JigsawPlacement/]: Empty or non-existent pool: minecraft:
[16May2025 01:04:03.560] [Worker-Main-69/WARN] [net.minecraft.world.level.levelgen.structure.pools.JigsawPlacement/]: Empty or non-existent pool: minecraft:
[16May2025 01:04:03.560] [Worker-Main-69/WARN] [net.minecraft.world.level.levelgen.structure.pools.JigsawPlacement/]: Empty or non-existent pool: minecraft:
[16May2025 01:04:03.560] [Worker-Main-69/WARN] [net.minecraft.world.level.levelgen.structure.pools.JigsawPlacement/]: Empty or non-existent pool: minecraft:
[16May2025 01:05:06.655] [Worker-Main-2/ERROR] [net.minecraft.world.entity.decoration.HangingEntity/]: Hanging entity at invalid position: BlockPos{x=-235, y=27, z=-544}
[16May2025 01:05:11.112] [Worker-Main-69/ERROR] [net.minecraft.world.entity.decoration.HangingEntity/]: Hanging entity at invalid position: BlockPos{x=-234, y=32, z=-539}
[16May2025 01:05:11.139] [Worker-Main-1/ERROR] [net.minecraft.world.entity.decoration.HangingEntity/]: Hanging entity at invalid position: BlockPos{x=-282, y=35, z=-587}
[16May2025 01:05:11.148] [Worker-Main-69/ERROR] [net.minecraft.world.entity.decoration.HangingEntity/]: Hanging entity at invalid position: BlockPos{x=-284, y=26, z=-592}
[16May2025 01:05:11.149] [Worker-Main-69/ERROR] [net.minecraft.world.entity.decoration.HangingEntity/]: Hanging entity at invalid position: BlockPos{x=-284, y=27, z=-592}
[16May2025 01:05:11.150] [Worker-Main-69/ERROR] [net.minecraft.world.entity.decoration.HangingEntity/]: Hanging entity at invalid position: BlockPos{x=-275, y=27, z=-591}
[16May2025 01:05:11.164] [Worker-Main-2/ERROR] [net.minecraft.world.entity.decoration.HangingEntity/]: Hanging entity at invalid position: BlockPos{x=-284, y=26, z=-592}
[16May2025 01:05:11.165] [Worker-Main-2/ERROR] [net.minecraft.world.entity.decoration.HangingEntity/]: Hanging entity at invalid position: BlockPos{x=-284, y=27, z=-592}
[16May2025 01:05:11.165] [Worker-Main-2/ERROR] [net.minecraft.world.entity.decoration.HangingEntity/]: Hanging entity at invalid position: BlockPos{x=-275, y=27, z=-591}
[16May2025 01:05:11.165] [Worker-Main-2/ERROR] [net.minecraft.world.entity.decoration.HangingEntity/]: Hanging entity at invalid position: BlockPos{x=-282, y=35, z=-587}
[16May2025 01:05:12.016] [Worker-Main-69/ERROR] [net.minecraft.world.entity.decoration.HangingEntity/]: Hanging entity at invalid position: BlockPos{x=-234, y=32, z=-539}
[16May2025 01:05:14.290] [Worker-Main-57/ERROR] [net.minecraft.world.entity.decoration.HangingEntity/]: Hanging entity at invalid position: BlockPos{x=-235, y=27, z=-544}
[16May2025 01:05:17.819] [Worker-Main-1/ERROR] [net.minecraft.world.entity.decoration.HangingEntity/]: Hanging entity at invalid position: BlockPos{x=-282, y=35, z=-587}
[16May2025 01:05:18.141] [Worker-Main-57/ERROR] [net.minecraft.world.entity.decoration.HangingEntity/]: Hanging entity at invalid position: BlockPos{x=-284, y=26, z=-592}
[16May2025 01:05:18.141] [Worker-Main-57/ERROR] [net.minecraft.world.entity.decoration.HangingEntity/]: Hanging entity at invalid position: BlockPos{x=-284, y=27, z=-592}
[16May2025 01:05:18.141] [Worker-Main-57/ERROR] [net.minecraft.world.entity.decoration.HangingEntity/]: Hanging entity at invalid position: BlockPos{x=-275, y=27, z=-591}
[16May2025 01:05:20.506] [Worker-Main-1/ERROR] [net.minecraft.world.entity.decoration.HangingEntity/]: Hanging entity at invalid position: BlockPos{x=-337, y=30, z=-594}
[16May2025 01:05:20.506] [Worker-Main-1/ERROR] [net.minecraft.world.entity.decoration.HangingEntity/]: Hanging entity at invalid position: BlockPos{x=-337, y=29, z=-593}
[16May2025 01:05:20.506] [Worker-Main-1/ERROR] [net.minecraft.world.entity.decoration.HangingEntity/]: Hanging entity at invalid position: BlockPos{x=-338, y=29, z=-593}
[16May2025 01:05:20.507] [Worker-Main-1/ERROR] [net.minecraft.world.entity.decoration.HangingEntity/]: Hanging entity at invalid position: BlockPos{x=-340, y=30, z=-591}
[16May2025 01:05:20.507] [Worker-Main-1/ERROR] [net.minecraft.world.entity.decoration.HangingEntity/]: Hanging entity at invalid position: BlockPos{x=-339, y=29, z=-591}
[16May2025 01:05:20.507] [Worker-Main-1/ERROR] [net.minecraft.world.entity.decoration.HangingEntity/]: Hanging entity at invalid position: BlockPos{x=-339, y=29, z=-592}
[16May2025 01:05:20.508] [Worker-Main-1/ERROR] [net.minecraft.world.entity.decoration.HangingEntity/]: Hanging entity at invalid position: BlockPos{x=-339, y=29, z=-590}
[16May2025 01:05:20.508] [Worker-Main-1/ERROR] [net.minecraft.world.entity.decoration.HangingEntity/]: Hanging entity at invalid position: BlockPos{x=-337, y=29, z=-589}
[16May2025 01:05:20.508] [Worker-Main-1/ERROR] [net.minecraft.world.entity.decoration.HangingEntity/]: Hanging entity at invalid position: BlockPos{x=-338, y=29, z=-589}
[16May2025 01:05:20.509] [Worker-Main-1/ERROR] [net.minecraft.world.entity.decoration.HangingEntity/]: Hanging entity at invalid position: BlockPos{x=-339, y=24, z=-591}
[16May2025 01:05:20.509] [Worker-Main-1/ERROR] [net.minecraft.world.entity.decoration.HangingEntity/]: Hanging entity at invalid position: BlockPos{x=-337, y=30, z=-588}
[16May2025 01:05:20.509] [Worker-Main-1/ERROR] [net.minecraft.world.entity.decoration.HangingEntity/]: Hanging entity at invalid position: BlockPos{x=-336, y=29, z=-593}
[16May2025 01:05:20.510] [Worker-Main-1/ERROR] [net.minecraft.world.entity.decoration.HangingEntity/]: Hanging entity at invalid position: BlockPos{x=-334, y=30, z=-591}
[16May2025 01:05:20.510] [Worker-Main-1/ERROR] [net.minecraft.world.entity.decoration.HangingEntity/]: Hanging entity at invalid position: BlockPos{x=-336, y=29, z=-589}
[16May2025 01:05:20.510] [Worker-Main-1/ERROR] [net.minecraft.world.entity.decoration.HangingEntity/]: Hanging entity at invalid position: BlockPos{x=-335, y=29, z=-590}
[16May2025 01:05:20.511] [Worker-Main-1/ERROR] [net.minecraft.world.entity.decoration.HangingEntity/]: Hanging entity at invalid position: BlockPos{x=-335, y=29, z=-591}
[16May2025 01:05:20.511] [Worker-Main-1/ERROR] [net.minecraft.world.entity.decoration.HangingEntity/]: Hanging entity at invalid position: BlockPos{x=-335, y=29, z=-592}
[16May2025 01:05:20.512] [Worker-Main-1/ERROR] [net.minecraft.world.entity.decoration.HangingEntity/]: Hanging entity at invalid position: BlockPos{x=-335, y=24, z=-591}
[16May2025 01:05:21.179] [Worker-Main-69/WARN] [net.minecraft.world.level.levelgen.structure.pools.JigsawPlacement/]: Empty or non-existent pool: minecraft:
[16May2025 01:05:21.179] [Worker-Main-69/WARN] [net.minecraft.world.level.levelgen.structure.pools.JigsawPlacement/]: Empty or non-existent pool: minecraft:
[16May2025 01:05:21.180] [Worker-Main-69/WARN] [net.minecraft.world.level.levelgen.structure.pools.JigsawPlacement/]: Empty or non-existent pool: minecraft:
[16May2025 01:05:21.180] [Worker-Main-69/WARN] [net.minecraft.world.level.levelgen.structure.pools.JigsawPlacement/]: Empty or non-existent pool: minecraft:
[16May2025 01:05:27.093] [Worker-Main-57/ERROR] [net.minecraft.world.entity.decoration.HangingEntity/]: Hanging entity at invalid position: BlockPos{x=-250, y=27, z=-586}
[16May2025 01:05:31.190] [Worker-Main-2/ERROR] [net.minecraft.world.entity.decoration.HangingEntity/]: Hanging entity at invalid position: BlockPos{x=-257, y=27, z=-591}
[16May2025 01:05:31.191] [Worker-Main-2/ERROR] [net.minecraft.world.entity.decoration.HangingEntity/]: Hanging entity at invalid position: BlockPos{x=-253, y=27, z=-591}
[16May2025 01:05:32.579] [Worker-Main-2/ERROR] [net.minecraft.world.entity.decoration.HangingEntity/]: Hanging entity at invalid position: BlockPos{x=-249, y=27, z=-561}
[16May2025 01:05:39.424] [Worker-Main-57/ERROR] [net.minecraft.world.entity.decoration.HangingEntity/]: Hanging entity at invalid position: BlockPos{x=3, y=-53, z=18}
